<?xml version="1.0" encoding="UTF-8"?>
<testng-results ignored="0" total="1" passed="1" failed="0" skipped="0">
  <reporter-output>
  </reporter-output>
  <suite started-at="2023-03-05T18:35:32 IST" name="Default suite" finished-at="2023-03-05T18:35:44 IST" duration-ms="12290">
    <groups>
    </groups>
    <test started-at="2023-03-05T18:35:32 IST" name="Default test" finished-at="2023-03-05T18:35:44 IST" duration-ms="12290">
      <class name="testautomation.Testrightclick">
        <test-method signature="click()[pri:0, instance:testautomation.Testrightclick@3f6b0be5]" started-at="2023-03-05T18:35:32 IST" name="click" finished-at="2023-03-05T18:35:44 IST" duration-ms="12239" status="PASS">
          <reporter-output>
          </reporter-output>
        </test-method> <!-- click -->
      </class> <!-- testautomation.Testrightclick -->
    </test> <!-- Default test -->
  </suite> <!-- Default suite -->
</testng-results>
